TN:
SF:controllers\authController.js
FN:24,(anonymous_0)
FN:60,(anonymous_1)
FN:96,(anonymous_2)
FN:143,(anonymous_3)
FN:171,(anonymous_4)
FN:176,(anonymous_5)
FNF:6
FNH:3
FNDA:4,(anonymous_0)
FNDA:1,(anonymous_1)
FNDA:3,(anonymous_2)
FNDA:0,(anonymous_3)
FNDA:0,(anonymous_4)
FNDA:0,(anonymous_5)
DA:1,1
DA:2,1
DA:3,1
DA:4,1
DA:5,1
DA:8,1
DA:14,1
DA:19,1
DA:24,1
DA:25,4
DA:27,4
DA:28,4
DA:29,2
DA:36,2
DA:37,2
DA:38,2
DA:43,1
DA:44,1
DA:45,1
DA:46,1
DA:47,1
DA:52,0
DA:60,1
DA:61,1
DA:63,1
DA:64,1
DA:65,0
DA:72,1
DA:73,1
DA:74,1
DA:78,1
DA:82,0
DA:83,0
DA:88,0
DA:96,1
DA:97,3
DA:99,3
DA:100,3
DA:101,0
DA:108,3
DA:109,3
DA:110,3
DA:114,2
DA:118,0
DA:119,0
DA:123,0
DA:124,0
DA:135,0
DA:143,1
DA:144,0
DA:145,0
DA:146,0
DA:147,0
DA:148,0
DA:153,0
DA:163,0
DA:171,1
DA:172,0
DA:173,0
DA:174,0
DA:176,0
DA:184,0
DA:192,1
LF:63
LH:40
BRDA:28,0,0,2
BRDA:28,0,1,2
BRDA:38,1,0,1
BRDA:38,1,1,1
BRDA:64,2,0,0
BRDA:64,2,1,1
BRDA:74,3,0,0
BRDA:74,3,1,1
BRDA:78,4,0,1
BRDA:78,4,1,0
BRDA:100,5,0,0
BRDA:100,5,1,3
BRDA:110,6,0,1
BRDA:110,6,1,2
BRDA:114,7,0,2
BRDA:114,7,1,0
BRDA:119,8,0,0
BRDA:119,8,1,0
BRDA:147,9,0,0
BRDA:147,9,1,0
BRF:20
BRH:11
end_of_record
TN:
SF:controllers\journalController.js
FN:3,(anonymous_0)
FN:22,(anonymous_1)
FN:33,(anonymous_2)
FN:48,(anonymous_3)
FN:70,(anonymous_4)
FN:87,(anonymous_5)
FNF:6
FNH:0
FNDA:0,(anonymous_0)
FNDA:0,(anonymous_1)
FNDA:0,(anonymous_2)
FNDA:0,(anonymous_3)
FNDA:0,(anonymous_4)
FNDA:0,(anonymous_5)
DA:1,1
DA:3,1
DA:4,0
DA:5,0
DA:7,0
DA:8,0
DA:9,0
DA:12,0
DA:13,0
DA:18,0
DA:22,1
DA:23,0
DA:25,0
DA:26,0
DA:27,0
DA:29,0
DA:33,1
DA:34,0
DA:35,0
DA:37,0
DA:38,0
DA:39,0
DA:40,0
DA:42,0
DA:44,0
DA:48,1
DA:49,0
DA:50,0
DA:51,0
DA:53,0
DA:54,0
DA:55,0
DA:58,0
DA:59,0
DA:60,0
DA:63,0
DA:64,0
DA:66,0
DA:70,1
DA:71,0
DA:72,0
DA:74,0
DA:75,0
DA:76,0
DA:77,0
DA:80,0
DA:81,0
DA:83,0
DA:87,1
DA:88,0
DA:89,0
DA:91,0
DA:92,0
DA:93,0
DA:94,0
DA:97,0
DA:98,0
DA:100,0
DA:104,1
LF:59
LH:8
BRDA:8,0,0,0
BRDA:8,0,1,0
BRDA:8,1,0,0
BRDA:8,1,1,0
BRDA:39,2,0,0
BRDA:39,2,1,0
BRDA:54,3,0,0
BRDA:54,3,1,0
BRDA:54,4,0,0
BRDA:54,4,1,0
BRDA:59,5,0,0
BRDA:59,5,1,0
BRDA:76,6,0,0
BRDA:76,6,1,0
BRDA:93,7,0,0
BRDA:93,7,1,0
BRF:16
BRH:0
end_of_record
TN:
SF:db\connection.js
FNF:0
FNH:0
DA:1,1
DA:2,1
DA:3,1
DA:5,1
DA:15,1
LF:5
LH:5
BRF:0
BRH:0
end_of_record
TN:
SF:middleware\authMiddleware.js
FN:3,authenticateToken
FN:8,(anonymous_1)
FNF:2
FNH:1
FNDA:2,authenticateToken
FNDA:0,(anonymous_1)
DA:1,1
DA:4,2
DA:5,2
DA:6,2
DA:8,0
DA:9,0
DA:10,0
DA:11,0
DA:15,1
LF:9
LH:5
BRDA:5,0,0,2
BRDA:5,0,1,0
BRDA:6,1,0,2
BRDA:6,1,1,0
BRDA:9,2,0,0
BRDA:9,2,1,0
BRF:6
BRH:2
end_of_record
TN:
SF:models\Journal.js
FN:3,(anonymous_0)
FN:12,(anonymous_1)
FN:20,(anonymous_2)
FN:28,(anonymous_3)
FN:36,(anonymous_4)
FN:44,(anonymous_5)
FNF:6
FNH:0
FNDA:0,(anonymous_0)
FNDA:0,(anonymous_1)
FNDA:0,(anonymous_2)
FNDA:0,(anonymous_3)
FNDA:0,(anonymous_4)
FNDA:0,(anonymous_5)
DA:1,1
DA:3,1
DA:4,0
DA:8,0
DA:12,1
DA:13,0
DA:17,0
DA:20,1
DA:21,0
DA:25,0
DA:28,1
DA:29,0
DA:33,0
DA:36,1
DA:37,0
DA:41,0
DA:44,1
DA:45,0
DA:49,0
DA:52,1
LF:20
LH:8
BRF:0
BRH:0
end_of_record
TN:
SF:models\User.js
FN:3,(anonymous_0)
FN:11,(anonymous_1)
FN:16,(anonymous_2)
FN:21,(anonymous_3)
FN:26,(anonymous_4)
FN:30,(anonymous_5)
FNF:6
FNH:2
FNDA:1,(anonymous_0)
FNDA:6,(anonymous_1)
FNDA:0,(anonymous_2)
FNDA:0,(anonymous_3)
FNDA:0,(anonymous_4)
FNDA:0,(anonymous_5)
DA:1,1
DA:3,1
DA:4,1
DA:8,1
DA:11,1
DA:12,6
DA:13,6
DA:16,1
DA:17,0
DA:18,0
DA:21,1
DA:22,0
DA:23,0
DA:26,1
DA:27,0
DA:30,1
DA:31,0
DA:34,1
LF:18
LH:12
BRF:0
BRH:0
end_of_record
TN:
SF:routes\authRoutes.js
FNF:0
FNH:0
DA:1,1
DA:2,1
DA:3,1
DA:4,1
DA:6,1
DA:7,1
DA:8,1
DA:9,1
DA:10,1
DA:12,1
LF:10
LH:10
BRF:0
BRH:0
end_of_record
TN:
SF:routes\journalRoutes.js
FNF:0
FNH:0
DA:1,1
DA:2,1
DA:3,1
DA:4,1
DA:9,1
DA:12,1
DA:13,1
DA:14,1
DA:15,1
DA:16,1
DA:17,1
DA:19,1
LF:12
LH:12
BRF:0
BRH:0
end_of_record
TN:
SF:utils\otpUtil.js
FN:3,generateOtp
FN:7,sendOtpEmail
FNF:2
FNH:2
FNDA:1,generateOtp
FNDA:1,sendOtpEmail
DA:1,1
DA:4,1
DA:8,1
DA:16,1
DA:24,1
LF:5
LH:5
BRF:0
BRH:0
end_of_record
